500
0 8898 2893 4020 9125 3099 2179 9537 1738 7234 5715 906 3365 4281 6717 2277
1 6060 4035 5111 3184 2526 5109 8442 2190 4728 9709 4913 1997 8716 4907 8478 9276 7396 4670 3353 2554 2177 9507 812 9876 9829 8418 9733 3575 1365
2 5953 3489 3418 4564 5574 9345 3433 6124 7479 8468 5615 8671
3 5981 3225 3700 7688 937 3596 6817 7099 1206 8994 8234 3863 3006 7659 5756 9270 7179 1953 6608 8503 7929 2607 3937 6786 8780 4402 979 3923 5821 2681 3630 8854 7997 871 5525 2673 6469 1528 2192 1051 6178
4 4844 5794 6459 6075 3697 5122 2555 1319 934 2168 8151 6251 75 4254 1498 5962 7289 1962 5950 7185 3005 1668 7267 329 4129 7736 896 6406 2414 8209 4314 8017 6305 2028 5445 9903 7899 2005 199 1339 8176 8460 5038
5 1079 4462 8597 6387 2345 979 2855 2240 1535 4684 4823 6327 2422 683 3549 6369 4720 8245 9325 159 6174 5748 4705 1791 9216 1272 7006 4984 6487 8319
6 3054 6388 2624 8167 5065 8637 7037 6889 5995 7968 3453 2698 8571 4340 4010 8193 8427 9930 9364 5509 5270 6773 9968 708 7335 2962 1834 7285
7 6438 1124 8459 7699 4730 4592 7835 519 608 9232 1112 2722 7321
8 7706 7048 6060 1265 5636 3468 5393 9433 3135 9997 8586 4168 2474 6326 780 5429 4253 9470 3312 7253 2643 5979 3535 8987 4002 5458 1133 3812 2401 3811 7193
9 9493 3099 8456 5211 6292 6102 3234 7321 2382 76 5715 2847 8344 400 6086 8999 7537 952 6449 7481 759 475 7525 6021 3153 1601 7335 5783 3008 9635
10 7049 2906 5161 6945 9060 6662 5721 3552 1295 1105 9749 6173 4855 1330 4053 8518 101 475 8935 9921 1272 2 9731 4984
11 1724 7557 7626 3370 5715 882 3847 1340 7664 4490 5179 8786
12 6646 6669 5700 8897 2962 5768 5122 3441 6452 2288 6865 8635 7481 1914 3269 4442 8372
13 9775 4087 5445 321 2105 4314 4924 4500 7413 880 8445 4211 2613 7873 8810 1666 675 8473 4004 3156 9735 9826
14 8693 232 796 5730 227 6712 1822 3935 1019 3081 8578 493 8858 1242 3074 3543 4572 8141 8986 4004 5132 7669 616 8605 9920 5313 5547 3243
15 2182 7977 851 3982 3219 7683 3883 2932 8441 5966 6630 7294 8812 3961 7949 8139 8994 3670 9750 6321 8313 3752 3751 2323 132 3456 8579 9337 4870 6485 6387 7049 3343 9137 6855 2946
16 3665 8077 792 2058 4216 6424 4213 4071 2144 5245 1391 8251 9989 1246 6698 6693 815 5655 1611 5840 5556 3675 6588 1792 993 7055 5029
17 2318 5929 7719 9789 542 9788 1668 5601 7164 1457 1317 9135 3109 2141 7613
18 2346 1077 8738 7983 9298 6101 9955 367 8307 641 5103 7969 1952 1572 114 6313 1139 2595 6025 2
19 5497 4933 1079 889 1593 935 6526 979 2946 8866 9194 3549 5567 19 3015 4143 5552 2117
20 4668 1034 7083 1423 9563 455 1789 1052 6360 9533 2815 602 4926 877 2875
21 4511 6765 9115 978 6758 7321 3936 737 5856 1009 8715 9887 861 6030 1233 3159 3 1178 6865
22 1747 5700 1859 4020 1191 8481 7744 1623 1645 4379 9896 2833 1084 2118 3635
23 3524 7048 981 6808 8452 3797 9717 6896 3981 172 5715 4679 5992 8858 8104 8947 1380 8054 9932 3493 1139 2873 991 9920 1412
24 9961 5777 4320 1077 6482 3708 4176 5866 8168 6992 6945 1774 5440 5014 454 1534 6327 4352 8770 3552 3597 2139 8295 3642 7120 6551 4293 1658 1328 5322 9735 521 7474 8131
25 8230 1422 9218 202 5880 7188 6774 9303 8543 6471 1916 9734 9273 9664 5821 6993
26 4177 1356 3703 9107 1774 6003 6139 5198 404 8346 2893 1859 683 6978 9281 1383 1665 1524 5141 1098 9416 8145 6639 2690 3486 7426
27 9069 2770 2864 836 6849 2476 9244 1297 9990 5713 7967 4199 4057 1611 3255 3441 196 96 2962
28 9971 6739 9114 88 7586 8531 2070 7956 3104 8043 8605 1668 718 6320 8599 3843 7351 9152 7060 5730 6201 6675 2589 3158 116 9615 399 9040 9704 9133 5708 4282 9598 4372 4086 9025 4180
29 935 5351 4785 788 7978 268 502 873 2234 4110 9609 8057 9936 6832 8005 4429 2783 9777
30 1127 2537 9252 4785 4501 456 5156 4450 3835 5244 9004 2749 5143 583 1472 3633 1142 4901 7153 1183 1323 5693 898 6115 5268
31 22 6668 6805 7632 7563 4385 7395 3967 5068 6375 6007 739 5821 3314 3451 1932 3703
32 7895 9632 8125 1120 8922 6617 5583 6333 2285 6891 6934 9842 9184 1708 1801 3586 7439 8661 2923 1557
33 9255 7789 123 2047 4021 4537 7263 5006 3032 9938 9887 6831 7344 4993 5744 6258 9826 5454
34 5703 1695 8433 7328 2682 427 3578 7556 6842 8266 6655 2376 5366 1708 3982
35 6673 9256 3005 6712 3046 7088 6048 5904 9991 9380 3833 8862 5992 6414 6131 394 247 8189 5979 6398 9312 9593 8371 6630 7426
36 6343 9160 4224 9205 8124 4035 2107 1401 3750 5766 3651 6467 6230 8344 7826 1010 3074 254 5517 2790 863 6925 1702 1042 9501 2871 9968 8084 2491
37 3840 9818 2872 5310 8456 3856 9007 4314 7027 6611 791 8748 6468 5180 349 578 437
38 7313 8968 1470 3032 686 1536 9700 8227 8245 7831 1045 8336 4837 580 9480 9961 2071
39 4462 7026 1134 1036 1796 9013 1791 2740 8439 8628 2263 3015 8145 1774 1956 2240 3946 5654 238 8787 3656 6502 2036 3080 1081 4020 2879 3354 5064 22 6765 8566 9132 2577 7039 2383 2001 2286 478 2 9120
40 2717 6711 7553 6519 79 2757 3036 1149 3026 9559 8994 8005 9180 861 7956 3909 5035 8132
41 6391 4527 9884 1648 427 4266 1481 8104 2882 8701 2973 9066 3522 1866 2 115
42 9404 1043 4842 2182 4367 1611 4362 3981 9301 3505 9013 367 842 3121 79 8533 3022 2165 7291 5390 8428 3012 5006 7949 3101 7183 4326 4801 4224 802 1942 8686 135 4695 4311 5543 412 4306 7720 4107 9425 2958 1343 2383 2002 4086 9026 5416
43 3853 8223 6434 1123 9582 3093 2339 9013 6237 5719 5341 8349 1297 7920 6744 211 66 2885 4855 5511 2407 1137 2968 9689 7007 2870 8838 8227 188
44 8071 8392 451 1071 2933 562 6494 9483 2215 6240 9874 8491 992 4327 6143 1542
45 4651 8223 6433 5962 3047 6853 5254 2666 6376 2615 5340 4399 5385 638 5807 8486 7545 6511 4912 1292 1574 4159 6178 1524 3732 3160 7765 6400 6351 8135 4561 6487 2256 8037 2209
46 4162 8762 3885 1263 1769 847 2663 8781 7699 7993 8475 6197 3687 283 7296 323
47 7049 6292 5068 3047 5067 4033 5912 1209 8539 7410 7880 5340 7219 7593 5615 8388 1476 1943 9132 5512 152 7669 3814 7055 5502 4280 6674 1081
48 2630 7048 1216 5775 8499 9485 3657 2340 176 8259 3839 6095 7364 3227 9995 2897 6469 405 5992 8060 2512 1570 2128 3348 4051 5085 3673 1696 4703 755
49 2846 3036 6453 5880 3505 4546 1220 2074 2634 9852 921 4907 2335 1289 4423 9741 8600 1560 4314 9063 6020 8958 2972 6196 3533 7143 4102 7142 7899 6467 9317 3047 8174 8932 9311 571 7790
50 5169 2722 745 2014 321 1260 1964 130 9056 7597 7922 7590 8342 9138 9089 8004 6077 2033 5459
51 3036 660 177 3022 6062 2736 3496 733 6528 3012 2630 4054 1295 5758 523 8692 6030 1375 4414 993 5553 3843 7261 9349 9822 2125 6584 1739 3163 9908 3537 2396 7233 6280 2857 7036 7511 670 6938 6367 9027 6652 1711 3135
52 2962 453 8457 9928 7742 1067 3366 4400 3157 9366 9156 6626 1681
53 704 9021 4319 7699 2760 79 2990 8535 6418 447 3877 6790 4627 4999 6737 4242 2361 8564 6778 8744 3525
54 7586 6436 4112 7122 4178 9007 8593 9535 2724 7575 284 352 6538 4237 5615 8098 2532
55 5592 1174 8552 9398 1971 8268 7610 8784 2389 2670 4453 1680 2150 4684 9007 9430 4824 1719 9236 5006 1761 770 2321 2978 6311 5747 5838 6918 6961 7147 4045 2962
56 9446 8130 8548 3894 9581 9533 3281 412 2480 3043 8961 7880 7596 8912 7874 1292 9376 2699 9795 488 8008 7161 4199 5043 9837 3819 4851 8183 2962 7615 6862
57 9775 3755 1452 5164 6150 3706 3374 4171 82 7789 4541 8911 7782 9283 6980 4629 9376 1855 6978 1476 2322 3871 2085 6445 1979 7101 5737 2917
58 9153 4828 5885 8668 8644 709 2638 728 6614 6818 9438 7299 7482 3705
59 8265 7699 3750 5109 6326 9616 450 8863 2892 5523 8247 5044 1234 5321 8371 5174 5406 6910 5593 5217
60 5071 6478 8401 7880 3932 7262 2982 8431 1567 4951 861 7253 4616 1373 5696 525 946 6398 8887 8367 564
61 8502 6810 8218 7842 6195 2858 4972 1588 4314 9013 412 8022 7457 5340 4400 4442 1904 5898 2137 7307 9840 4199 8663 4057 9837 765 8142 6778 7856 4801 9264 2 7193 895 8414
62 1425 2183 662 4480 9098 3804 7550 6147 9481 8144 6879 2093 5244
63 9352 6155 9255 2298 7044 6197 3095 8828 7136 1917 7369 1775 6428 8209 5341 4025 2943 7454 5385 6840 8907 9936 1711 3731 2555 2601 5702 1141 9080 3579
64 4897 1168 8272 8361 6728 6010 970 8421 1406 3083 7268
65 2114 5308 279 5401 4037 1780 3229 8539 4356 9712 6516 2802 3691 3079 4199 8146 8522 9931 8520 199 857 5557 9313 3293 4232 3762
66 4840 2677 6059 3847 6101 8442 8815 6793 3408 2747 8715 9087 485 9321 6922 7858 5784 8649 5735
67 9023 7237 1121 321 3376 9484 1633 7929 4450 639 2847 7968 116 7210 5799 4906 5797 4715 5748 385 1935 2449 4564 7570 6817
68 2677 9858 8022 7125 8015 3643 9609 5189 8336 910 110 7582 1471 1564 5041 761 6302 1085
69 3806 8506 2818 4977 417 6621 5163 8829 3515 7317 6282 7410 5099 8105 1430 18 5798 6547 716 4377 6257 9592 3153 6301 1647 3715 9777 5547
70 3710 319 3277 3606 6848 2240 730 6463 212 164 6415 2790 4526 624 4991 7998 8325 6022 1555 8133
71 5412 1705 9968 4741 8445 654 1408 4728 4341 435 9649 6324 1668 1476 8600 3089 8124 6695 3268 1935 8775 3074 3831 1075 5917 8480 3539 1638 7904 7234 2293 7517 5899 8652 9887 2856 5228
72 6907 700 6103 8263 2668 8214 7885 6427 9387 6795 157 8052 102 7574 7949 3058 1223 8179
73 4697 603 2811 8639 1354 6334 5064 973 5062 8114 9428 5430 8579 7733 3219 255 6363 2462 1615 863 3304 6547 9224 1562 759 2263 5787 6021 2
74 7240 6640 8455 7350 3644 5070 5067 168 5525 4581 2648 8260 7845 4556 575 1656
75 2202 5259 9052 7210 8337 8980 4610 6035 8538 833 4444 9780 212 349 9295 5889
76 5636 2393 935 6528 1822 6334 3699 9290 1299 2239 4306 6044 4493 5526 1953 9848 7213 3074 5800 6082 6598 3543 1757 9885 625 5793 8987 2735 1606 6211 5224 5928 1552 7191
77 3758 2771 5543 7517 4648 7044 3141 3186 2668 2807 6285 832 9480 3836 9239 166 8907 8484 1010 6602 774 7864 1702 1984 9548 6351 4610 7756
78 9688 8453 4647 7496 1984 3408 365 5494 1219 6537 7677 5111 5301 9192 6054 9569 5857 9181 8040 9652 1570 4798 2986 4027 1174 5448 5060 7622 6482 2013 2962 8092 5907 1534 5996 3051 4855 5045 1339 6656 477
79 8031 9770 5622 8252 4350 2466 7213 1711 4341 1380 2554 2365 2643 8189 6544 2690 9786 10 4569 1607 5224 805 7713 8136 5362
80 6554 755 847 2651 7400 4925 2643 5676 3012 5862 8711 9463 3376 7457 9640 5362 7641 5738 2982 1364 9244 5443 1260 3254 9619 2771 1345 3909 489 960 9414 3047 955 5132 1332 285
81 7752 2628 8925 7795 7228 3609 9483 2289 2194 7361 5849 9558 767 6687 1186 3864 9876 9970 9403
82 4645 8278 7241 3399 7951 475 9444 9534 2288 2078 8103 4628 439 4693 2324
83 1784 7751 8220 8405 1776 4824 2424 3550 4207 6978 2889 8150 8854 4060 7771 9885 1657 2643 6261 950 9122 4092 6722 6863 9494
84 9023 376 6551 2464 372 2744 3597 2361 3119 6347 8342 9957 9004 5014 643 5962 7670 259 252 4241 8418 5656 6701 2615 4230 4134 8599 329 321 2693 3637 4108 496 6101 2298 7333 8188 3056 1343 3521 4755 2475
85 666 9889 2391 7332 8091 6731 1576 2127 1528 7852 8425 9689 9114 1040 6789 5152
86 7451 1241 5539 3721 2892 8688 4824 7950 5074 7694 7073 3092 4449 3388 7732 5868 3152
87 1986 3316 8539 7968 5307 4354 4923 9007 3305 8146 352 4717 5857 1962 6141 5855 6044 6424 8798 3285 8507 7266 9735 6409 3936 219 2496 8386 5248 7146 4199 2109 7618 5907 2865 3720 3243 8183 9988 297 6946 7513 8841 385 5609 7508 6082 8362
88 3894 5412 9021 660 1799 5592 1601 7392 7864 6625 5862 4815 7949 4909 5193 917 6332 3101 5948 7087 6610 2240 9742 524 6699 8693 8021 8306 1465 3932 412 5441 7811 496 4959 2203 2486 9800 3905 5044 3144 5326 2190 8934 668
89 802 4365 2777 7331 3604 2497 4544 9235 790 2468 235 3935 2532 9545 2070
90 9013 65 7121 451 3002 7855 7095 100 7781 9160 8860 2373 9065 4579 4624 2047
91 7000 4132 2721 3706 7135 5207 9953 8919 33 3792 2757 6798 6468 5715 9757 9615 4531 8196 949 147
92 2158 5869 8876 321 5912 930 4971 6896 6236 3602 3836 8160 4162 5477 5053 6603 6838 9045 726 867 6129 7820 5326 7769 2411 952 105 8894 2640 3386 9731 8977
93 321 3009 1629 5215 201 5720 5420 2283 5962 2144 1453 2438
94 3054 467 9160 5962 9628 3612 5726 7134 9154 1396 7082 1583 1110 6178 2981 2182 63 4855 108 7577 8188 8987 9032 712 9265 9545 7710
95 321 9314 1608 5678 8667 6547 9836 4521 1299 80 3208 4218 9711 1980 4026 8464
96 8853 2409 9056 8365 7949 657 3531 8683 7256 8590 5415 2723 9735
97 8881 6437 2676 5961 7698 9295 6613 6941 2898 3226 8535 2939 1948 6084 7775 866 3726 858 3677 9270 5695 8797 758 5880 2072 5785 2211 5030 6486 7379
98 4463 4036 3095 2013 3843 5110 8305 5061 3557 2240 9050 9332 3174 9330 9565 4813 7116 8290 5840 7202 9645 7290 6960 6581 3948
99 4886 3053 2439 1405 5117 1638 2155 2247 6054 9908 7744 1868 5391 8634 9385 2897 966 6324 6650 8342 5099 6320 6883 9139 5609 5418 1940 2879 1515 9031 804 3056 9025 3807
100 8693 3380 325 3845 4031 9953 1774 8870 4780 1391 5335 6415 4534 3260 3117 9838 1471 4056 1377 3539 5180 9968 9545 2962 1034
101 5698 1328 6458 374 1607 7684 7018 6920 3784 4728 9573 6532 1495 447 7001 7285 2817 8989 9842 2902 9645 8789 8977 3276 4414 2322 3840 9159 7447 5257 5065 3447 120 9238 9332 5341 7997 5894
102 4511 656 3566 6101 5108 6048 5479 6465 8528 7675 6686 4241 3629 6448 2735 5978 4941 8040 4844 3337 8836
103 9291 158 226 7677 223 449 1622 2427 9739 8197 583 7296 2761
104 2943 2465 5880 8445 6543 7302 5019 5304 2546 6630 3963 541 633 4907 2342 1668 7553 5746 6409 6028 6978 7829 2413 1651 5639 8583 2692 3356 6584 884 8008 3541 6292 2583 4670 7709 866 3241 9032 7795
105 9593 5884 7116 3405 5400 2264 9293 1216 6060 257 7285 2345 8797 5280 6608 4893 6982 7456 4698 3842 9633 2696 8681 5166 1457 8770 5445 4493 7429 5716 9040 4093 1145 3330 8361 760
106 5356 843 7233 7606 4504 1871 4596 8307 3513 7413 1066 3275 6140 1157 5715 1719 8487 9048 7167 7542 2794 9749 5942 4766 4199 6830 6170 7204 6262 3393 2449 7289 7476 7053 2822
107 2866 3195 3664 2157 7842 4786 554 5623 5670 7454 3972 9517 9186 1380 1281 6028 4004 4333 8181 6580
108 5033 1137 1327 3225 5407 7683 463 8911 1025 6534 834 6913 9666 8145 1396 9085 5758 151 9271 7085 2806 8212 3937 7545 9349 6875 8015 3073 7252 4212 30 695 977 4866 8753 9323 3146 5896 7699
109 4749 2847 1888 6161 935 79 7204 9007 1025 9381 7575 7860 1020 7474 535 9551 4610 3088 517 2892 3651 8685 9918 2128 1552 8293 3637 8005 7053 116 9425 5715 1060 7045 2101 2480 2856 860 3802 6651 8930
110 6767 2161 6296 5872 6530 7747 1401 837 2856 9293 6990 79 737 6188 5993 7024 4531 4672 6129 7304 8384 1850 5326 8146 6970 3020 9129 8748 8043 5500
111 9688 3607 4367 6161 1031 3784 7108 1784 5866 259 7082 2422 2321 2699 3456 1457 4402 3261 8106 8958 883 6677 25 4679 1255 2679 2962 7807 9230 7709 3813 3432 9892 6187 200 3238 3520 478 1617
112 7787 850 6359 7213 8157 9487 79 7013 7771 7961 4444 352 8711 5668 6331 56 6421 6323 1569 8218 1560 3745 4504 132 9822 5925 2598 2121 6584 4873 218 3827 2875 9238 3914 4957 111 6377 9316
113 663 8259 1227 4928 2077 6731 9008 8816 9290 9003 1206 4720 2439 4429 1477 2898 1845 2414 8589 6020 7254 33 9722 1260 5340 7240 5339 1439 2294 8751 390 3049 2569 286 7126 7791
114 5494 9581 1728 3936 2898 7833 3975 5479 6324 7686 1339 6931 819 9090 3497 8572 2929 860 1377 1043 8234 5132 7670 3579 5129 9545 3 9026
115 8417 2391 8762 2275 3241 2342 1444 2639 8110 565 6337 7487 6287 6400 1292 1429
116 2986 8759 4803 7907 1880 3373 9284 5144 8775 1782 2403 2538 3320 5895 7618 5317 8628
117 6554 6836 374 468 847 8352 9871 9109 5783 3405 2643 7296 2070 6913 8908 3111 5295 1305 6338 4341 5386 9654 5188 9842 8982 4602 8493 8300 2979 3453 6681 5443 5630 1354 6099 5149 9233 583 1246 2003 1336 2476 4752 4561 7126
118 3678 364 915 1625 2795 1691 6497 8933 6103 3479 4559 5386 7525 5890 2554
119 4698 1125 8829 8686 5536 272 4501 5064 9716 34 79 4967 4402 2568 4633 6324 9848 2184 2179 4575 1566 2412 1000 3016 4520 2499 4047
120 1079 1454 6057 5397 7320 2526 79 4309 7740 643 6938 8019 8723 9804 8017 872 7491 8807 5043 8467 6352 3810 5642 7663 5875
121 8716 7655 9539 5651 6821 1090 2700 2562 3316 2672 2233 6234 5176
122 1954 5242 1055 295 9333 6365 2730 9444 3411 4100 7849 7410 5868 530 7153
123 8270 1593 9254 5867 7085 7602 5910 8212 5438 5154 4966 9428 4727 7683 304 66 3167 7960 4199 5933 3629 4468 6865
124 4510 7706 5636 9302 5400 9533 5909 3557 9761 1301 1348 2144 6280 8439 7170 4442 3876 7304 5373 8756 7673 1939 8512 8699 7336 1271 7521 8696
125 2085 7880 3507 79 1124 552 8056 8816 3305 6999 3103 7278 246 9080 3568 9172 4420 4607 2136 5461 9545 9259 8307 5548 8109 7629 3259 1734 7147 4106 5150 5239 1058 7233 1246 3240 8844 4377 9409
126 4182 4556 3098 2486 605 1016 4020 7545 6980 5755 6740 5751 9605 3354 6170 6827 3299 5413 9120 2961 1504
127 1139 4170 8920 9008 7202 3493 4345 9094 2060 5194 5097 2342 2340 9273 7845 1670 1668 7178 6797 8030 8503 2518 4035 8495 2414 7630 4020 9244 1454 2970 9050 3254 971 4580 9138 9898 7618 4007 871 9325 2865 8848 108 5138 7513 2192 7033 6652 8267 6460
128 7001 321 3188 8827 4220 1634 8402 7883 8257 4401 3458 5103 3032 7591 6980 7962 8235 9315 6636 8797 4514 8131
129 7607 6613 9947 6938 5479 9566 9047 1573 1149 1147 7490 3767 1275 7572 8840 2542 9873 2
130 4464 7422 4787 1779 4641 9668 502 1674 7641 8205 5334 1007 7160 4051 9080 4896 1978 613
131 6767 3336 1077 3521 8362 9911 1496 6054 600 5063 5155 5531 3510 7456 4260 1299 637 1436 3316 5054 5804 69 8055 5654 8423 7481 7480 7 8887 5126 5831 9731
132 297 9037 9587 2245 3186 7854 2150 6267 6311 7691 8196 1341 3267 7200
133 3429 6671 2064 3050 3425 1075 9862 7463 1583 6001 5715 9848 6838 7072 6412 5519 5704 9605 2413 7487 4432 6970 6829 1139 9786 6258 5269 4091 7709 7285
134 7848 610 511 3894 6808 9015 3982 220 2240 5295 6423 7173 2426 356 867 4530 3214 8195 7725 3495 4481 4150 7153 8702 284 5124 8319 5264
135 2866 6623 6525 2857 786 1583 7880 2475 7922 6229 8532 3877 4300 9281 7259 1948 6928 4060 7396 8476 5468 7813 3958 7151 4799 3718 6631 9169 6771 2962 6815
136 3524 1267 6997 8830 4880 6619 5913 5019 691 7127 6327 6560 7452 8439 4348 7355 5755 4063 1523 5188 2741 1848 6732 2 9731 4888
137 703 6437 4180 4039 8033 4884 5072 8491 1248 2986 8293 2792 8807 9369 6077 1562 3395 3252 851 663 5456 5127 7852 2 8462 8977
138 9352 4933 5069 321 7041 8871 1773 4310 9197 3227 6750 1060 402 9332 447 3313 6274 1571 9655 2927 4948 8185 7431 9498 3905 379
139 2161 9351 2198 3700 268 5860 4352 1342 2232 868 5848 2319 4148 9833 3723 7811 1323 3437 8699 7336 3998 3292 7710
140 5219 3309 1236 4249 751 5558 4178 7734 2329 2741 7984 1544 3568 6510
141 3238 2532 9249 7038 8776 4828 1019 4824 5340 7643 2191 1625 9990 8109 7120 2608 4627 7115 1800 2175 1469 9741 2032 8612 3018 5553 2121 9735 6680 7055
142 8174 5208 977 3936 1633 2150 5157 1770 6139 9757 5386 6604 5993 4908 2322 674 4150 9837 5230 2785 9924 5788 8231 5219 1223 7285
143 8928 8880 9583 5211 9534 6380 6615 6895 9056 5247 3269 2892 259 3172 4299 4532 7304 9607 8431 3683 1940 7672 6355 2404 8043 2 7569 6817 7709 2774
144 2114 2161 794 2062 8074 8121 6613 2288 8677 2802 122 4633 8628 6137 4350 2846 2986 3268 9845 3304 5089 6405 9079 8089
145 3383 2537 9540 9398 9395 183 9578 3232 2244 34 3792 2382 5762 639 2188 8580 2422 3690 9518 1383 3497 6692 7347 8428 9602 1562 8329 1606 9124 3808
146 2302 8882 2112 8360 745 1542 4737 8026 9528 4358 8726 7970 3077 9842 1241 6032 5515 55 5505 2542 8837 2773
147 7798 465 5964 8125 7373 8595 9205 321 5350 3186 1447 3089 3885 9852 6462 6744 6931 4531 6267 6216 5788 8418 8416 4843
148 8880 1734 4975 9816 745 3095 7888 4971 4970 9293 6706 6516 6140 5857 2096 5234 3683 7771 3728 3023 4056 4804 8986 3064 7153 2030 1276 4423 6584 6631 9309 1366 2 9120 9259
149 4179 6104 9676 1307 3562 5771 9384 8350 172 1769 2752 5804 5232 8614 9831 7851 283 1411
150 7895 39 2577 1871 3417 5156 79 3743 9194 734 7454 8204 1668 9465 5322 8471 5555 6916 3203 7762 1933 9359 9499 1368 8652
151 9540 3428 3850 9114 2439 8406 838 5677 6567 6613 8773 5247 3696 8815 4159 1290 9703 678 5659 9040 8287 8145 718 1845 10 758 9688 3012 5688
152 4464 140 2583 7893 1642 697 8592 930 4546 9621 3229 5715 9710 6137 2611 4209 776 9236 6555 6460 5848 4859 5230 4664 575 7153 7200 7952 4755 7615
153 2349 9771 7699 3046 5063 269 4156 67 207 8852 2929 250 6447 2827 6538 8747 7476 9732 6583 4935 2961
154 9130 4481 3169 569 9676 9675 1946 5465 6336 5508 4604 1129 7246
155 8600 3051 9440 3330 8874 4080 1307 9764 691 8773 4400 5855 2986 1153 9565 4627 3074 4107 8195 1051 6924 8193 8566 5129 3061 9500 8982 8371 145 8698 8980 2962
156 569 6362 7405 6355 8918 843 2171 7105 8815 5386 8994 3102 9751 3670 8224 1668 3567 4988 425 2895 139 3841 2983 7162 5166 3262 7439 5254 4302 9523 5437 4866 7521 3149 4954 13 4377 575 1904 8172 6270
157 482 7955 8340 3808 6267 9141 8749 8473 4195 3043 5869 5061 3313 7567
158 5509 3798 3702 8723 6914 5584 8431 3869 3012 7759 9659 5477 8893 7751 3379 813 1570 3942 1375 8690 8973 7167 606 6020 3547 6772 1071 8668 687 5151 7335 9043 7992 6851 1050 8552 666 1141
159 5775 4175 4970 7367 8164 7082 7078 8722 6511 4676 9046 5097 1898 6033 1238 3164 7486 8614 7673 5695 4563
160 1613 3036 7405 1512 6260 6639 7874 559 9391 2264 2643 7198 3303 7762 5006 5762 1956 1478 2994 7456 7833 6687 4786 7634 3261 5348 1737 1641 3064 9619 2774 399 8188 9230 4765 6855 3149 6186 2100 9317 6842 3707
161 188 5318 6458 3700 6834 753 9206 2458 8062 8251 4925 1789 267 2160 828 5292 3865 4622 7756 5950 9464 8406 9545 7834 2986 7922 3073 9623 3637 4586 3916 9995 6385 3723 5240 9704 2005 7607 3331 9692
162 1126 7517 1501 1122 8406 6479 321 2808 6192 8589 7267 7313 2134 8102 3728 2128 8841 6726 2590 238 9449 5734
163 1032 6060 8736 7699 84 7133 8119 7413 2712 7318 6095 2240 7079 5715 1623 6369 8296 6980 3830 3215 300 5182 7579 105 8042 1791 2589 379 2868
164 3516 2340 129 4566 5417 6357 2676 5597 7665 5685 486 2648 5544
165 3989 2463 9301 4071 8154 4828 3877 5397 7961 2544 3493 5583 8812 3581 7949 4433 5286 5095 9654 2240 2426 8313 9259 6503 3747 1276 4504 7163 7822 8580 4780 7439 2781 9144 3820 9138 1252 9991 7133 4377 9031 9979 5989 4941 3326
166 4506 4989 9932 9126 6616 5374 4821 658 3831 6218 1985 8284 233 1910 7936 5359
167 8805 9886 2962 8620 221 8064 4360 9603 4336 9028 7713 7574 1201 4258
168 7598 1137 753 183 3119 3877 7392 4731 2256 7000 8134 437 9746 2811 5090 4709 336 3374 9453 1852 1091 2988 4033 6306 1839 2598 9723 1071 9428 4011 3819 4959 7426 3434 6470 2764
169 139 232 183 9395 1920 8782 131 4784 3702 1916 9716 5580 2100 1113 4636 6186 4539 6416 9141 5803 6692 206 6547 765 9224 6920 9129 2643 3064 5742 9075 755 6676 6815 2773
170 8599 4226 3515 8967 5817 2240 4777 5905 6044 5666 3549 353 1904 3125 2559 1984 8986 3391 4470 8366
171 4087 6525 8122 8451 2621 9669 28 4819 2844 914 8477 720 3163 5040 7389 3817 7153 7012 2
172 3665 9442 6198 6526 3750 8403 4970 8259 175 6566 5062 7362 6797 2612 4444 1292 7541 2136 2932 2554 5982 5838 7434 8231 8981 6768 6862
173 188 3703 9014 4070 79 1884 8342 7296 9667 3681 5860 8994 7949 8612 2150 9842 5946 1860 1287 9551 6321 901 1566 8498 896 8210 2123 7629 4966 3631 7050 3914 5054 2203 2867 2486 7513 8363 4277 1140
174 505 5748 7652 3236 14 3554 5048 4241 7207 4491 4468 4100 2925 5317 6880 4994 1337
175 321 7932 3748 5909 5861 3134 4873 784 6893 2990 9192 9379 307 9425 5241 9936 6362 7770 9461 5654 4431 2879 1750 8658 9689 2260 238 3481
176 9023 8646 8787 6952 8832 5166 1546 4836 367 7743 6615 6141 2143 3265 4626 8245 9183 2790 9885 1565 5885 4847 4797 190 9496 9965 2209
177 8805 88 6459 6964 7469 7215 8549 2247 2246 3602 3050 493 1639 1454 2327 7224 8994
178 9635 5632 3741 3625 9926 956 6289 2422 8264 881 2787 9295 1496 6924 7291
179 9211 3994 798 1923 932 8969 9340 5861 5715 6608 9707 1093 6827 9175 8610 5131 5457 1508
180 6672 5638 796 2910 4507 7560 4035 2198 600 6193 4589 7077 3316 7072 3969 303 6834 3964 1846 5700 3679 8658 8893 5178 8655 1510 8794 5358 8507
181 9611 7172 9057 3491 8297 8568 2288 6358 170 8587 2950 8722 557 9825 1130 5982 1058
182 8600 5164 699 5211 1213 4925 2810 9624 7227 3937 3561 3936 5767 8069 1066 5715 5245 9757 1858 4580 6460 1289 8809 6360 858 2127 4333 8891 3533 7243 6537 5831 1505
183 6670 5163 5019 7413 4965 6938 1955 874 1625 9425 5429 69 9043 7633 8242 4294 388 1232 6729 51 755 2 3245 989 5548 329
184 6062 7754 3894 2951 7556 7883 7694 8069 8539 7975 2661 731 8766 6134 3074 3308 6691 4529 2414 8900 1238 3540 8754 2549 4805 8235 1984 8939 3110 4567 4661 7668
185 19 6020 17 822 4361 149 3990 8469 211 3270 5454 2462 461
186 6269 5413 4081 3316 5492 9666 9758 6718 3012 2060 6810 6334 9659 9848 4619 7276 5090 5849 2904 6415 8599 2327 6218 2320 321 2030 3074 5543 8392 7820 979 1737 2113 6197 1542 780 1728 8090 3720 8753 4002 1149 8176 8651 3331 9219 5609 8552 6270
187 983 9955 5628 79 9338 7504 4213 9096 2327 6367 350 9368 6454 6453 2456 2781 5365 9970 708 5783 9120
188 8169 5507 2085 8829 469 7782 9013 1979 9955 4539 6343 4720 8235 4526 6616 8512 2240 3190 4234 7647 6696 8881 8880 6502 3174 1366 5546 3454 1552 7347 410 8293 3163 2212 5913 971 6860 5053 1154 5143 7133 3331 1429 8743 1238 6748 5322
189 3012 5449 5564 2135 914 6364 1072 541 79 7552 8218 2744 9115 1337 2440 9706
190 8177 7235 8269 936 9582 5677 412 787 7881 7409 6374 4822 4723 7684 3172 2889 9374 4437 8900 9745 1142 7486 951 1984 7762 9075 8462 4325
191 9487 6241 4736 128 4823 1059 2798 9470 6836 771 1147 2932 8994 6360 3349 1934 5787 7713 8041 9733 8040 1552 7191
192 3703 7026 2085 7120 4647 3601 2741 2740 551 5871 8053 3870 6149 8713 5768 8609 58 6613 4710 5660 813 7842 9646 8883 2513 1657 1464 3355 4304 9903 4106 9233 112 5239 2673 9032 2570 2 1711
193 3053 5589 745 2014 321 1496 9720 4407 9669 597 784 8677 7780 1246 3032 1339 9374 5797 2647 3585 760 6258 1369 476 757 1227 8698 2398 2915
194 5151 6991 8002 7055 4456 6847 9675 5351 8179 3831 1484 6052 7383
195 1736 2156 5961 5115 2008 7498 8203 3080 1619 9467 2088 3638 1803 1705 8708 952 1139 1982 1181 7289 425
196 321 929 3371 3364 2377 590 353 3266 7868 8994 6221 6738 4386 3066 1609 1185 8798 4803
197 3894 7694 7786 8830 6739 7782 2745 1031 6920 4541 5869 1784 8716 9476 2060 4909 6617 6236 9465 6899 7367 8125 7647 1852 7266 2704 9638 1560 5359 9444 3553 7732 5451 6963 691 7720 9805 4104 7049 3533 1348 3910 7423 4192 5901 6374 9604
198 1831 6296 9443 8549 2674 1310 1638 8217 8591 8027 3882 2376 7779 7213 6742 2559 1806 9842 7397 340 2595 9030 3672
199 8762 734 5977 569 1808 8406 1667 5692 3298 4513 7641 2739 6212 9177 8924
200 4745 4134 183 7652 3937 411 7602 8776 7740 79 2617 9901 6610 9007 8583 9523 2612 8671 7728 7633 2555 908 7439 6827 3582 5224 8842 1086 427 7570 4985 3997 9637 2164
201 6673 9869 6057 9253 7888 6101 5909 4639 79 9573 3885 4070 4350 9518 352 5662 6178 9982 9933 9510 5749 5702 8614 2739 9836 5746 9740 715 2875 6258 8842 9217 9451 2353 5546
202 9839 6480 1466 9261 9880 3757 1480 4353 2352 2144 6582 9523
203 467 7652 4878 6476 7456 3273 8630 8864 9943 3127 2844 9988 8954 2279 8905 5660 721 5607 9688 5504
204 1611 90 4362 4455 9580 7771 3114 4823 1878 3395 2064 2917 7569 5384 9083 7088 1763 7652 4230 239 6412 1471 1661 5457 2603 7448 9248 6298 8293 2591 3343 3438 208 8185 1058 2480 7318
205 321 2621 2896 6162 1400 5009 4709 2428 6565 9301 2721 535 6812 9340 7086 8212 6141
206 3242 4934 6575 7135 5772 3468 4078 5581 3323 7221 4068 4960 8719 3877 4065 9139 8151 207 8055 1799 5605 8843
207 2630 4413 4692 8687 1589 8121 2527 503 2288 8209 3176 2986 9330 2842 585 2699 1144 813 343 7815 5934 6967 7153 7948 5880 6490 7288 1929
208 6968 5494 937 6248 9422 3786 5832 1047 6176 7762 8843 4448 6947
209 5451 6530 4929 5445 9014 5343 2570 2240 1581 6938 8113 7314 6750 1859 3547 6413 8105 2887 4719 1145 1799 9930 9600 5462 7200 5085 1935 287 3999 7474 5734
210 6954 701 6054 2998 3889 5156 2571 5153 6233 5715 9098 6512 8005 1940 8331 7391 9174 3673 520
211 7660 1736 1923 7233 6338 2437 133 2342 7323 3089 970 3836 8301 3883 1391 8017 732 355 7545 7542 2417 3308 9323 7349 8706 6541 5503
212 8036 1924 1829 9440 6853 4266 2433 6044 4963 5104 4633 2844 8386 8803 4337 2598 9224 3814 3813 7432 9311 5080 7899
213 1973 5637 842 1781 88 2438 4028 6424 5715 5668 5661 3966 4013 3261 8712 9266 9969 708 8696
214 2228 7883 1120 5444 150 8705 4564 3204 1846 8585 3134 8812 9478 3360 6187 9223
215 6672 2301 5448 1636 4359 6144 6893 6984 1437 8813 6408 102 1839 7525 1413 3669 7146 8931 2539
216 468 1736 321 9674 2057 1773 5437 2616 3925 2373 4300 1522 9041 1192 8193 6827 5179 4191 6729 8890 188
217 5412 4937 9684 4269 2651 6351 9485 1979 8248 2349 7762 1871 9565 8423 1962 8605 8221 1665 6225 3752 3561 1750 3745 1833 6677 7151 5060 5534 1164 9048 9997 8570 494 7806 5145 6188 295 9129 7419 7133 2858 6175
218 3804 4317 5961 9436 176 7224 1396 550 79 501 4214 3509 9008 1581 3602 4823 4352 8770 9380 352 5710 1950 5797 7254 7864 7064 3538 9034 9409 7949 4610 944 7570 5408
219 9538 9584 1686 9111 2060 5677 1912 5293 4302 8296 7355 1665 7822 8714 1049 4572 2924 1702 7762 1746 427 7007 7664 4420 2304 2538 376
220 3946 4415 8598 935 2994 6330 7314 9805 5715 7971 3316 6134 2326 6931 254 4811 4528 2877 4944 6824 6166 5367 7952 4709 5178 9075 5171
221 2396 6390 467 4884 2345 3801 2109 8450 1821 5064 3230 1161 2240 6938 2707 3363 6417 9281 490 583 2039 2649 4199 4339 2128 9593
222 1642 6060 6295 4977 2248 838 2341 5813 1065 9149 1580 3081 6133 6979 5898 726 3686 1195 8712 205 8711 8893 2877 6355 9219 5643
223 136 2505 9677 8849 4340 8549 9698 5442 1554 9212 7531 5943 4333 5206 7159
224 7692 2750 2274 6070 7396 79 2264 5304 3023 3403 5301 3584 3203 2343 1963 3007 9181 7280 6613 2147 7467 3664 1763 4985 5172 4602 1560 325 3079 8491 4786 4880 4974 3262 8581 8863 9903 1920 1728 2962 955 6465 7602
225 1503 1731 3935 5156 8445 220 1205 5857 687 8014 9518 3923 3076 6413 3779 1335 4337 2175 2596 5462 6260 8843 5223 9167 4324
226 8644 3889 6922 2266 1218 77 742 7296 738 3207 9667 8146 8431 5674 8712 2439 7752 246 5090 9357 8019 5072 1077 9244 7438 9623 5156 1353 7811 7335 9137 872 7137 6281 4567 5893 6083
227 3753 4787 3656 5345 6285 6001 2240 548 3227 219 6421 4117 9144 1153 307 9989 7919 3877 5004 8387 5989 441 8947 6359 2926 6074 2972 6262 3958 3629 2685 6538 569 1505 9260
228 321 3012 4206 4894 7651 4384 1347 9738 2516 927 6650 1014 5267
229 5794 8450 5788 557 8441 7961 9004 7670 8522 8994 3103 6808 6903 5192 7087 9270 9460 7938 6414 6698 4797 3752 6030 9731 1276 7736 989 2223 4786 2784 3540 9139 7710 110 7044 5998 7040 4470 8932
230 2114 8081 4505 225 7650 9007 9241 1577 9238 6089 2516 4112 7914 6269 2788 6500 8893 5318 2962
231 5980 5124 6928 9301 6924 2173 8728 9013 5780 8724 5775 3111 7575 7004 2346 5099 7852 6997 3006 5660 622 5656 4129 4695 4501 3074 5638 505 1358 3543 9713 6099 6953 4197 6470 4377 1332 3707
232 9176 2643 9197 5906 7561 8457 7536 8104 8103 8792 5986 2834 3018 2050 1934
233 7049 1455 935 2343 6101 8169 2998 3326 1864 6375 5715 591 9286 776 917 5522 9984 6594 243 2262
234 8927 5788 2746 1414 6351 7586 935 3120 6635 8248 8150 1784 8998 163 8142 2630 5193 9087 7085 8794 2902 4985 6502 7072 4313 4692 606 3262 1929 8574 9806 4199 5149 3153 1918 2298 2867 7806 2856 3331 4660 1145 5895
235 1315 9163 6154 6436 8922 5302 4314 4494 3740 7498 8908 3783 4389 4527 952 1794 7715 7193 4655 330
236 3081 344 965 8387 5671 1415 5876 9372 2057 7161 4837 1361 1867 7500 9661
237 3665 5732 463 3044 4735 221 501 5388 1252 4730 2662 7549 4962 9192 7075 1009 5095 3308 4858 2271 7769 7392 7153 2732 5503 9357 9496
238 703 1971 6623 1218 5348 4173 2432 4308 6280 9802 6512 7123 3597 399 5145 9090 4951 8939 3157 3580 6914 2 8836
239 4699 6061 1496 1495 8307 9716 8776 5437 7316 5482 9569 5715 545 8862 7169 9659 5333 9187 5474 7777 8856 1336 6082 4437 5752 300 4060 5467 5748 7862 8990 7861 8935 3669
240 7517 7045 8357 4127 6477 2340 836 2293 413 5770 646 6849 8911 1667 9185 2884 2882 5794 1092 5038
241 9728 46 9821 7987 1264 7373 321 4494 2707 1907 3409 9753 6651 3877 5569 4297 1381 3965 8900 9086 3681 6360 8662 2927 5555 3343 1833
242 889 5117 1638 4173 6283 7880 9618 4397 120 6979 1056 4815 4625 9275 4574 2505 7621 9353
243 1604 5880 5533 6223 6843 1139 4035 9256 5412 1614 3431 8444 6213 1842 9247 6348 7751
244 689 8738 5678 8898 8965 4732 5859 8111 3188 9968 2907 7965 1731 7477 8855 6026
245 1425 8967 8023 8528 7699 5904 1162 7601 4771 7921 4816 3250 926 4419 7108
246 666 6368 9356 639 8390 4341 8365 729 3024 6381 5296 3754 9594 6787 529
247 1832 4134 9866 7983 979 3798 7227 5812 8302 2613 214 2846 5053 9703 4531 8149 142 2962
248 1734 7699 2240 5201 6893 969 640 9945 826 3831 4160 6970 9179 1564 2315 1091 574 7949 5035 5360 7615
249 5871 5492 7652 4784 9248 3607 4308 8961 2191 777 7637 304 7632 910 6126 3727 5651 4945 9173 4189 3154 3714
250 2396 3427 1498 2295 9483 7367 3043 9576 9621 79 3275 8632 9048 7732 257 6413 1900 1942 6594 5088 858 2032 1091 4240 151 7059 9453 3766 6584 895
251 321 7657 5426 8851 5308 8914 3599 5921 3528 7553 6355 52 3662 1959 1817
252 4558 6672 8081 5917 5446 8125 321 8309 6099 9436 4216 1912 1299 4824 5998 4635 1533 1297 6042 1293 2274 8994 8899 7392 2032 1139 3675 7950 1510 4234 5737 190 9496 6770 6956
253 988 619 7379 9102 5169 8019 427 5715 1529 3737 1896 4793 169 7361
254 7049 8269 8927 3474 1405 7938 2673 4597 2147 8491 6799 7267 7501 5292 7736 72 3080 3314 4439 2650 2553 9697 4760 9083 5698 2735 2968 6161 9215 2540 1223
255 4369 9162 3190 7325 178 8685 3325 9481 457 9621 4591 9522 5621 2422 3453 4628 1850 7442 108 9742 2175 340 8140 2029 4378 7526 7009 1932
256 6672 5825 9677 4271 7653 3140 6618 1682 7039 1164 7320 6473 9527 7457 5341 8302 450 3173 2701 1004 438 3961 6499 3113 714 2121 5738
257 759 3894 8830 6454 3982 1512 560 368 5212 4159 9478 5389 4627 8807 9187 3106 6046 7659 1665 6698 9831 4793 707 2322 4317 9162 3174 9820 8109 3163 3447 5437 2871 8856 876 5339 9803 1345
258 6414 7172 7400 8964 6019 935 9306 4729 7209 2079 215 4997 7985 8008 9640 507
259 6576 8644 935 5541 3704 6524 2761 8260 2375 4442 8859 3684 252 485 9412 6496 432 4238 7856 2404 7806 5785 9496 6675 4418
260 8440 9979 1652 8529 8505 5055 9930 5554 1344 812 421 7846
261 3897 4037 324 3188 4222 5771 3653 6705 7737 3222 1436 7216 8907 9283 3736 5474 3827 8949 9137 8193 9086 5560 2598 3772 2595 850 1 2444
262 2297 8547 4174 647 6613 4403 6650 4763 9604 8333 5278 9224 5417 7153 2782 4614 7479 9311
263 988 9244 3977 2275 4180 3670 6200 79 2745 2099 7043 396 5270 9019 9823
264 7565 3521 4602 1264 4835 977 2057 6801 2518 7077 8299 5233 3163 4289 9316 5132 9408 6869 285 6534 7568
265 3757 5072 6105 6477 8780 3375 7133 4548 2668 6662 7788 9807 3885 6134 3876 1757 6737 2176 5507 4144 7434 992 8981 7993 5126 2962
266 5887 5220 7105 527 6667 6506 3148 8068 3350 1598 3507 6426 3894 3318 6764 2555
267 114 1675 3284 685 3743 7951 1556 1394 5762 6933 2240 1297 4193 3431 7547 1176
268 8440 7586 2962 3441 2957 1162 7671 7464 2655 9852 3549 1087 3776 2555 9039
269 9681 6062 7142 420 3751 3465 8306 7553 9433 2335 2144 2799 4066 9327 4626 159 1287 1004 7438 1657 6404 1515 5604 2454 2783 2736 2735 2876 3344 4326
270 918 2618 7516 5007 3970 9420 8611 1848 6699 6054 8903 1129 6143 966
271 6954 5589 6949 7607 4733 7458 7173 1250 6417 447 9236 8343 5428 5474 489 8618 2414 8053 14 1987 9549 9830 5175 5409 6301 2962
272 6014 5777 8970 2904 3371 2431 2240 783 3086 453 1063 2001 6698 9563 585 9371 2038 5514 6354 949 8938 7243 4280 8180
273 2252 3988 2483 6853 6334 2102 3932 448 1904 8858 6975 4813 4529 7630 7153 5458 4140 4938 6254
274 8690 6528 227 1402 5019 7369 8355 8683 6190 4027 690 1064 8912 5715 4822 4020 5848 8574 252 2412 4760 200 8660 9083 8753 9970 1510 7948 3718 1978 1555 8980 9071
275 468 6296 9159 5210 321 2624 3609 1585 4917 1625 4727 1855 7302 5140 2976 4521 3581 9219 8508
276 5402 935 7609 6196 8687 1119 4311 2149 925 9430 2239 1534 3832 2185 2184 7399 5329 3120 7068 9414 5466 5747 100 7948
277 3195 2013 7699 3704 7178 3747 7788 7688 9379 6790 9703 9186 2555 9979 4240 6543 6119 2970 9173 5272 9970 6960 4045 8463
278 7613 9066 9348 5303 79 4824 8958 4913 9045 8198 7351 8523 7489 3494 1937 756 2729 5877 3856
279 699 9252 8686 647 6800 8163 8350 5483 916 4299 2974 8236 4614 8419 8936 7244 2543 1884 9215 2634
280 654 7751 7984 4361 551 6048 9523 3789 6184 6464 9844 3263 8574 8713 9558 8994 4340 7253 3304 7063 2409 6921 1042 6258 8937 4377 4517 8275 8134 9965
281 6952 1923 7984 3753 1121 5726 7321 177 8870 6094 6470 3509 6982 3880 3409 9800 1056 7683 2837 1425 5372 7252 8708 3961 3725 4802 9689 8414
282 8130 1831 1031 5964 182 6244 791 1117 8495 5440 1628 6797 2895 6134 4066 4442 6416 5896 1429 1711 1992 9465 3541 8239 3586 4102 4242 3631 6074 2 1177
283 7219 1353 2962 3766 6709 6546 1482 4240 9781 6192 2282 7433 647 1176 485 7407 8396
284 6952 372 5445 7509 3326 2240 3743 4352 450 6653 3875 4484 4907 8337 8148 9270 53 1839 51 238 7616 8180 3291 3714 7379
285 9877 9116 3320 2651 4641 8532 647 9671 4824 8524 8994 9657 3006 3762 8794 9174 5848 5752 2902 8125 2232 898 4698 7356 989 5826 2120 4400 8484 9719 8673 9713 5434 1916 5996 5043 8363
286 1954 965 7379 9403 4365 891 6962 2453 820 2911 7736 6425 3545 5109 6694 9362 5520
287 2490 5023 5446 647 1680 7225 3465 7504 9619 1770 921 8722 9047 397 255 2650 910 8335 8005 673 8332 6967 1044 7013 7435 6024 2828 7762 7193 2444
288 6292 3376 7370 931 1398 2240 406 5905 8344 2138 442 2979 4243 6257 6067 5080 7006 2962 7709
289 9636 2137 7356 7538 5836 7836 3901 4843 8637 79 3620 7713 3454 186 4809 1105
290 9493 3336 2537 8268 9206 1401 9296 648 7694 3557 2617 3225 5762 3830 1666 2275 9510 9601 3819 6122 9036 9129 5885 9593 1461 4939 5501 2634
291 6364 1130 8920 3122 7206 5209 5112 7486 5775 834 168 4252 354 7762 3103 910 719 2426 3944 2326 3836 221 1164 2114 878 1923 5247 7431 9806 1443 2393 2768 7517 673 3236 5800 3231
292 3429 7000 935 9160 321 1116 3417 6281 6844 6702 3694 6983 2562 3593 5519 1521 3584 6404 1041 3292
293 2254 5826 3895 7796 7090 6949 792 4879 1916 4967 6800 6611 1439 7688 354 6839 5194 2607 6083 5801 3731 9691 2781 3061 3012 4939 9732
294 7425 4602 7939 5212 6103 9816 8170 7276 5349 5813 6421 8676 5430 3355 863 4669 1472 4056 7110 1042 431 7762 5082 4326
295 6549 7782 182 4171 934 3498 4352 5492 8622 9377 6523 3379 2805 4134 4890 1375 6790 2608 1750 8874 6303 5917 782 6670 3153 1728 1157 1822 2958 3052 9036 6376 102 8270 9218 4086
296 2019 7141 3052 8455 8078 3705 1260 4077 691 7459 1441 5294 1157 4350 6840 9940 7213 5849 7351 4431 1986 8894 7952 2499 2966 3013 3154 9544 7240 1741 2962 376
297 4690 389 8853 3949 9881 5715 8636 9736 835 9804 489 3202 6928 4651 5340
298 7788 5981 3792 5214 9583 9107 270 8722 5869 8239 6053 2057 5661 1860 527 5462 6696 1277 4977 321 1365 6014 874 2489 4958 6953 2580 3528 4762 2288 9602 9982 2856 2000 3234 6748
299 2114 372 41 6238 6285 9950 9007 1299 2803 23 728 5521 443 1101 3074 2881 3678 946 9733
300 8176 321 131 1306 7980 553 5956 6327 4586 1105 7356 6416 3454 7026 6365 8994 8005 250 7721 9977 5228 9551 4755 6163 8554
301 7772 5816 2550 9196 6549 7652 6065 6892 8708 9811 5395 3278 79 2169 4744
302 759 9592 7212 3219 7874 9299 4834 8442 6920 1979 7012 2545 6153 3111 1020 5580 1780 6336 5849 9741 9169 8883 993 1273 6022 9533 6492 1265 9908 7056 3823 5248 5437 1542 7333 6762 5810 3053 6662 3240 105 3520 5702 7602 7790
303 8599 3474 1263 2860 5069 7041 2527 1445 1299 7127 1581 5433 8863 6230 9982 3963 5138 6311 2643 6073 4520 9407 4988 5596 3290
304 7598 663 7026 9211 374 2555 7304 79 7486 455 9480 1118 3012 732 921 730 5384 2533 2911 151 1289 1762 3661 6891 6509 6030 7549 4884 9632 794 30 4399 8198 8958 1546 3823 1731 6671 2109 9132 5520 1528 863
305 1361 702 9865 3284 6380 8306 7272 1394 829 5670 3314 2420 6082 675 9886 5748 8284 94
306 5794 7883 2652 4168 3970 4348 1305 5104 9470 7949 3863 151 2240 1571 8221 3656 9829 234 2892 4507 3841 420 5645 7545 3555 325 985 2028 9337 1736 2305 8859 5531 6766 6100 871 4941 1425
307 7795 3585 2458 2986 7032 7514 590 2795 4542 9372 7486 5507 8037 3341 5846 4764 6327
308 2552 8277 7309 9310 7631 3076 1944 8544 5208 7044 7343 4536 7153
309 9843 7681 8530 6021 9517 362 499 3764 83 9740 1411 4032 3340 9089 9936
310 321 1356 7702 3537 9516 9285 6545 7324 3621 857 511 2718 2117 2531 9155 4141
311 3792 2342 1789 8177 495 4013 6151 8980 2333 2283 6329 1360 6213 830 6212 7153
312 321 3123 7008 8756 1119 5028 703 5050 7234 724 7691 4746 3432 3155 4074 1083 6741
313 1550 1785 3193 4414 4788 7652 3704 3375 2810 835 4778 4401 3884 6089 5287 533 4340 9073 2962
314 3288 9794 2962 5790 9768 2981 979 2518 6449 7828 9944 5045 2119 118
315 1977 5035 7747 9449 2706 9237 3551 3963 5941 4790 1039
316 6743 5412 8831 945 5407 6354 4546 8344 933 6631 1784 4060 1020 4439 3106 1680 1391 4905 8325 2146 56 1479 9646 8696 9834 6889 2136 8973 7072 6487 2972 2685 4583 3537 7240 6955 9993 5997 2292 9604 6374 7038 2760 4180
317 9676 3329 5912 9388 4077 4967 1111 4348 3877 3498 4015 2696 7014 5368 5415 2454 8702 239
318 6897 569 3513 4686 2202 1325 7004 9189 7989 8421 6144 1889 2187 5268 3496 6440
319 4649 3427 6011 3285 8030 321 4973 2810 695 1540 6143 6189 8069 9335 7643 5948 7355 1149 1523 8243 1287 7725 7771 3586 5748 3491 7438 9130 6356 5690 1037 5783 2773
320 1125 1838 7495 2986 4779 773 7903 3532 333 1230 1871 9548 5683
321 5920 6389 560 133 7652 4311 2806 3229 408 4497 2240 1204 9993 5105 2189 7781 823 9141 5286 4486 4626 9091 393 3303 7438 2962 8085
322 5780 5871 9299 7465 7136 2668 1774 3748 5531 7454 4958 5192 2278 5662 9279 6785 297 1752 4946 480 2923 1888 3297 9075 7429 2 6346 4372
323 610 7519 7423 6482 2158 2486 557 1731 4033 7792 5300 5676 6144 4921 4356 9711 780 8628 4069 9800 4671 9367 155 3491 1281 7485 7060 7950 5458 6539 7055 5504 2 3432
324 6579 4178 3567 2533 8078 9347 369 9007 6844 8581 4820 1105 5288 8060 4063 301 6458 111 4855 9555 5276 4242 3537 6261 1934 7713 802 6347 3526 4230
325 8552 3001 3555 6092 6937 5471 8666 8994 2978 3634 1754 2599 7767 3394 9830 8793 5407 3714
326 7187 8125 322 6290 9765 8824 8210 6608 6936 5478 6981 6786 5843 5982 9970 8889 2308 427 5922
327 9199 1815 3836 2778 9148 4892 6661 4199 2657 9396 1504 5436 5319 4558 9616
328 8834 6387 1354 3233 7885 3231 7131 5061 1112 8254 4539 9848 1905 259 2274 8617 5984 4005 2639 4705 9968 5879 8134
329 5827 281 2302 6861 3195 3521 699 4035 5445 2437 5772 9485 6712 1678 4730 6656 1579 7919 2842 2184 7069 7350 4342 487 2978 719 2123 1370 1741 2962 330
330 1080 7814 5444 5352 3374 244 7718 5946 5277 4702 56 8793 9319 6489 9984 369
331 8049 4988 3422 9377 8732 6867 2266 7693 4701 5873 2054 7940 7800 3913 1979
332 4272 6528 4786 7747 3233 79 7409 2753 6464 4909 4202 4245 719 9178 6216 2737 4239 3109 6116 3060 1414 7663 2586
333 188 7883 2752 946 7216 9114 4645 84 5214 652 79 6537 1121 7956 3586 5674 4719 5003 820 54 7179 2143 9265 9169 5558 5457 6687 6588 1647 4210 5536 5338 1538 2008 2100 9029 3801 6555
334 5887 8256 3504 5309 5307 6825 7960 8716 2161 5104 3012 9377 2721 722 9270 4520 7653 4037 4317 5740 7260 5359 4313 4787 2600 5067 5349 7438 8293 9337 2116 9803 7142 5525 9608 770 9407 2565
335 6484 9393 3377 7606 3986 3365 5997 7688 3410 2986 7449 8997 7351 6408 7347 6501 7438 6778 6871 9968 6067 9684
336 374 5500 9580 838 76 1026 8896 726 9846 9273 247 3666 6421 8125 5747 7267 7932 9261 5271 1375 9354 232 4214 3262 601 2307 7055 2304 7054 9898 1442 871 2201 1534 1628 7895 6374 2857 8931
337 8486 8049 113 9359 8162 2986 523 3352 9124 9168 396 4467 7342 5639 8744 9615 7636
338 6671 8221 6717 4362 6148 7604 2340 7037 9292 8681 6048 5389 7972 1059 9989 5898 7965 349 7069 8994 4104 2787 8049 9129 9362 8938 7057 3343 7429 7570 1647 3950 2962 4606
339 1785 4744 7423 3004 6717 84 4266 176 3982 2288 8210 9007 6234 3837 1344 6843 1343 8814 3220 7590 6226 1479 3074 8713 4572 3958 7153 9032 9780 4607
340 6391 1075 8405 4269 4314 2340 1869 9435 552 5534 2713 78 4731 8396 4493 731 1293 1763 6133 7447 2465 208 4341 6829 670 246 7622 8841 5923 3666
341 6117 5537 5237 1279 6914 2220 9622 9207 6653 7686
342 7679 8483 7699 7192 2936 4798 1208 6311 4882 7042 1775 2418 2186 5658
343 9023 8966 3936 6145 9435 6521 1911 8068 9807 3319 780 4399 3553 6982 684 9096 3032 2698 2551 2878 7624 8885 1505
344 9688 3513 1231 6360 276 2458 8345 6727 4159 5964 5962 4628 7755 9465 4901 5565 1668 3758 1097 5933 8023 6592 8396 131 5639 1741 2307 5248 776 1156 5138 5898 2001 3521 2760 9598 9312 476 1710 7885
345 8945 6000 296 7240 477 2984 6594 4590 4629 2007 6602 8786
346 7848 8644 8687 1449 7086 4501 8636 5390 2711 3603 76 5715 5621 9521 3174 1106 4771 6744 8056 8008 8618 6831 5467 2739 6073 1937 5880 9215 2870 9964 987 6063
347 7096 6438 5355 5446 2155 133 2569 1957 6281 6469 7360 9991 732 3316 7732 1997 7165 1381 7350 2176 7675 7438 4571 7293 3813 5834 1132 2917 7285
348 1267 8594 133 6428 9107 7744 4501 1868 834 9199 8538 9007 6938 4259 6467 2136 3307 4714 1048 8284 528 2736 8516 6495 1557 7807 2731 5643 4045 4562 4797 9071 4888
349 6861 2349 469 6437 6859 4086 3944 4129 601 7933 5674 2760 7739 7314 3319 686 4866 5477 3077 8904 6413 9654 9465 1192 6030 6734 7861 200 7056 1697 757 7007 7053 1175 8930
350 7185 7652 9391 7180 3371 7930 4121 2382 2052 3835 3082 9755 6464 9377 9467 1710 5468 3540 719 2129 1610 1980 8746 1740
351 5033 1898 6362 3795 9968 6451 5880 6544 4928 1125 3403 8532 2735 7960 5869 3113 5773 3681 1685 3012 5387 7474 8136 3670 8512 4616 6798 427 1658 1085 3745 513 3836 2030 4214 1740 979 8484 218 8671 1917 6189 2670 1140
352 4081 9589 9968 6547 4548 6635 2828 1971 3395 3297 5387 7948 8043 8233 8609 9172 2617 7742 8882 5270 39 1557 6021 2030 7350 9533 2403 6296 310 4774 6385 8663 5715 2580 1439 8752 4286 1339 4661
353 9256 7893 3380 1873 9816 4364 744 3936 269 9478 828 6467 2613 6137 3923 6226 4345 4060 4857 250 7438 4664 3630 7151 9689 4284 6 4705 616 2446 8978 8319
354 6203 5823 3003 1451 5962 9533 7833 3508 921 5339 5660 5190 9842 1287 7066 4243 2077 1182 2962 6393
355 9198 7059 9862 7929 8572 6479 6799 82 9511 8659 4358 2032 6078 8286 1363 4441 3543
356 2299 9206 4505 1683 6712 1305 5863 3982 3506 2894 917 7541 4203 1570 2651 8714 3025 6691 4151 9505 5604 1277 6306 4047 7243 4845 8883
357 9843 4184 2962 2340 7009 7857 3855 5989 2539 9089 2764 2280 532 2947 5200 4025
358 5872 3004 8502 7795 4974 5161 5301 8722 1436 4066 8998 2887 9982 3824 5466 3961 7485 246 1044 6964 6587 9265 3012 3290
359 1641 7610 3753 8308 7321 9669 8964 7413 3653 4310 1583 1442 6893 6986 7079 9191 8109 71 8907 4065 8387 397 7629 6170 8566 2125 4333 427 1978 9027 425 1835 8131
360 2019 6576 7562 1169 2954 979 5444 8358 6195 6993 9008 1439 3319 8300 5897 5895 9843 1381 4011 2412 6030 4385 7 3716 5925 9026 9025
361 5129 7219 7120 5504 6359 1799 5788 6643 7023 7688 8922 9301 9107 4924 1405 454 5677 731 6618 61 9085 1580 2910 7659 816 3092 9834 7932 7454 2797 3937 6404 2983 4401 30 4491 3064 2872 7240 1058 3050 4948 5802 6752 6086 1809
362 2464 6071 9206 5026 7683 272 738 1498 6532 7956 8429 3869 259 3393 8711 3675 5288 4337 250 6140 9178 2052 5185 910 1383 8883 4606 4034 7260 9540 1083 1933 7821 4591 1256 210 8470 7606 8934 1901
363 3994 1642 3048 4223 1590 1395 7361 5715 6648 5895 8289 7819 9555 6453 1984 5830 1741 6487 5311
364 7678 3376 1122 6272 4268 4886 6266 3113 7943 7 3685 5 5593 4443 3936 1473 6578
365 9533 8258 1631 9994 5528 8061 2232 3687 3588 9275 296 6028 5369 6355 709 9872 5875 2961
366 9867 5449 3004 6101 1728 2666 8400 7500 7499 3268 4253 1619 7117 253 2697 345 674 5934 2542 2 705
367 8036 138 6105 1731 8684 928 126 7880 9290 5106 1534 3837 732 4445 2327 6507 8150 4343 8995 9971 9405 3434 8133 4890 3808 9965 5922
368 3145 745 4689 7320 3089 5673 2803 5105 2424 3363 8062 6558 3877 2231 2513 9231 8290 1000 7012 2782 1979 8512 9216 2962 7521
369 8117 2962 8298 4478 2384 2269 5098 9191 1233 819 311 8084 465 3178 3267 6992 1978
370 1548 7987 1876 2346 7234 6809 8031 3278 7179 7742 503 2383 642 640 8583 8863 450 9659 6040 8248 5005 8105 4203 4340 9838 155 670 336 7526 1273 3811 7756 8743 2773
371 2962 3583 7792 1743 7699 8343 7582 2292 1003 6385 1830 9069 8746 2809 6305 8534 9453
372 7746 8709 9075 8109 7762 1989 79 4908 928 5687 7065 9411 5914 3499 7708 1980
373 3894 8167 9970 7974 6453 7210 7304 1601 5306 2929 3022 5966 1401 5198 4624 443 1868 9751 1389 7087 2904 5658 6413 9733 6786 2699 699 5251 7435 9904 9238 5340 2109 8185 6949 3241 9032 2666 8081 9979 1710
374 9822 6993 1352 5768 6613 79 9056 6088 2702 3077 7117 488 9602 1330 3814 8325 1039 3858 9495 5687
375 8690 2767 3987 552 9576 1491 5815 6237 4168 220 3463 2192 6045 311 3877 5003 8480 2652 2792 9793 3964 719 3256 5323 668 3345 8562 1934 6492 523 708 3244 3714
376 1596 3381 278 321 1306 6051 6472 4404 5437 2569 8959 4258 7027 3689 9515 7719 8095 6258 7386 5266
377 1314 9586 8410 2112 8310 4307 1204 4916 4257 5713 2987 8855 1522 4289 904 9878 9309 2962
378 8036 1079 8363 5402 5257 7889 321 1682 9483 8257 1205 592 5995 1905 5333 8294 4015 6082 4811 8618 8711 4526 6778 5743 5507 1036 3008
379 4698 9586 6718 9302 6434 183 1685 2390 8966 5112 1633 9528 2900 2240 3460 9942 4958 5897 4575 5702 4804 5693 2965 5690
380 3007 2066 5355 9440 5349 8685 457 9010 5715 6889 6935 2704 3079 5848 1289 1571 5423 6785 7771 5656 8992 1329 2692 9177 5740 9640 2730 6770 4983
381 6458 4178 2555 2650 4359 9199 3877 9191 7575 639 2158 1581 6899 5660 5278 622 6986 9638 4411 798 227 3547 5726 2019 3441 5815 8854 5052 6188 4382 5997 5232 1336 2666 8269 761 4180
382 5772 251 5495 2804 1215 2962 8574 9031 5029 405 4130 6451 193 1412 239 2992
383 949 5889 6170 935 3784 553 6631 3491 450 3386 8040 246 6611 9555 1670 7749 1098 1762 2038 2223 7353 987 9822 2790 4308 9336 2209 782 876 207 5715 3053 6469 9032 1619 9313 6653
384 9351 6437 1407 935 4365 3936 4871 5857 3836 5715 1156 4584 8014 3405 3545 1335 1476 9370 6785 7349 7725 4198 3963 4385 4007 2409 8753 3158 9031 4799 1555 6771 6487 7239
385 5885 6262 7306 9395 369 463 177 4639 7204 8058 9576 5014 5772 1871 6621 8899 438 4234 4709 6798 1095 7169 6978 3747 2790 413 6301 9815 8387 3631 2206 9043 8282 4957 7706 5899 4948 5232 1050 6464
386 1137 2559 6454 6734 3504 9299 935 4544 6537 5492 3781 7105 6625 9943 9940 3285 2999 813 1761 6986 2615 2900 6507 325 2031 4501 1739 7438 1262 2685 8287 9043 1252 1534 8848 5520 5899 1907 6750 1050 7699 477 6082
387 514 4744 3146 6059 5401 5964 183 9440 6100 2198 9199 9244 1066 9713 1581 29 6938 9612 8154 5379 7630 3352 4712 7902 2685 1650 8087 5547
388 8176 4036 981 9533 4079 2058 5818 3701 2240 7126 4680 7733 1810 3969 5802 3121 4577 253 1847 6921 8377 527 7200 5647 5973 3575 2962
389 44 4643 273 5629 8159 682 979 9580 2235 4880 5247 9433 5086 8143 9063
390 9404 6554 9688 3504 6067 272 652 2265 4450 4544 4923 9003 8044 1580 1956 4985 987 4691 4974 3072 6491 5065 4108 3821 6765 9515 7519 9703 5523 5141 5234 2288 958 6467 7511 3236 2 8552 4086
391 7219 7123 3320 5690 7586 4071 4828 9007 4345 538 2818 4429 1195 7936 2139 6984 7740 3843 707 9065 321 3456 1935 4783 793 7251 4780 6869 9244 1642 4584 4011 686 400 395 1248 9887
392 366 524 3993 1668 3531 2956 2633 1253 8495 6586 1800 7550 5388 8788 2945
393 7752 2676 2817 9912 2768 3894 745 8217 979 8028 4973 7087 2058 4971 9807 5902 1670 5710 1807 2699 7163 5326 9551 5412 7808 2308 898 8558 3998 6254 6771 7569 1834 8554
394 3144 2627 6998 8830 321 3231 6236 2658 4347 7496 3312 3453 8388 4901 3961 3676 3016 7575 7622 4423 5171 752 893
395 949 5888 5887 7787 376 6833 1987 6737 8156 9010 365 7012 7099 6054 2349 3963 6049 4148 8896 7467 1383 1572 9265 7165 1367 3362 8491 5349 3160 6101 2016 6953 1535 2485 7138 6186 5995 4760 8844 4280 7699 286 2565
396 9023 9303 6292 1216 9911 933 979 2107 5863 783 7732 1668 7919 6648 2319 951 338 713 1698 9499 4517 7806 6913 7101 1694 6534 7474
397 7611 4735 6549 1623 58 6658 8061 2103 1481 2423 2445 2973 5985 3982 2142
398 8600 3664 2013 7042 8593 2670 2432 5342 6187 782 8912 8487 4539 7170 3358 4341 4528 3117 5936 1988 5042 6918 6538 9404 4985 7569 8366
399 3334 2597 7472 1169 7377 7719 3118 8498 6518 9324 6010 4285 5020 2990 6808
400 9211 6359 3982 1984 6161 2265 8060 79 358 1593 4912 5097 3006 9655 3190 8124 1282 6503 2037 896 6594 5643 323 3362 6588 7252 9721 6486 7815 8195 2109 7141 678 5997 9414 7984
401 5909 364 6642 2847 4341 3536 6753 4589 1093 5715 3573 2951 7205 9295 8949
402 2537 372 9443 4178 276 3048 2155 8782 2294 2858 9202 7415 3279 9903 3742 1296 5334 8859 2652 2792 2693 6544 9834 8939 4752 3104 9260 7426
403 8624 7864 6231 2712 1950 8389 5075 1809 3808 3384 2555 439 9086 6969
404 9383 2687 2111 3857 3509 8200 678 2218 7438 4586 4147 4607 8033 3156 8858 3981
405 1077 7372 1306 5064 9903 6895 2240 9850 3267 2421 446 2416 9464 3729 8146 7393 1893 8089 379 7568 2633
406 8068 3603 6071 9586 7486 7105 7198 738 1117 925 9094 9279 5477 3004 3476 3950 4896 6029 3837 3926 1739 6201 2017 7997 8375 300 9990 3149 5902 3147 7896 5234 8748 2095 8270 2662
407 6015 7425 4133 935 6762 1824 1682 9481 6188 9947 7030 3362 965 8248 5748 8989 6168 5839 4612 8418 7008 6584 2 141 5546
408 6991 8762 7841 2365 9608 2225 6456 4176 7672 5802 4766 8812 9960 8672 7406
409 4342 8298 5538 6940 9607 6295 3074 2660 8294 9096 9992 6840 766 3641 3199 7753
410 8879 5677 8919 9245 8069 1956 5715 5245 1296 6795 8158 1858 4487 6741 7773 8569 6028 7527 5175 5031
411 9013 3469 6389 1605 1695 3879 4660 2290 1668 7301 6633 305 2369
412 7788 3703 1134 2938 3882 2741 1031 9485 650 79 3783 1402 4151 8425 9185 6334 9083 8982 9357 2223 8111 4784 1174 220 6487 6962 1452 5341 2393 7902 9042 2191 5609 4658 6651 7885
413 6812 8925 7703 8027 3232 9669 1303 6141 5483 4870 3976 3033 2939 7967 5052 1430 4193 9268 8183 7665 9968 7758 5501 8649
414 937 3052 8267 5916 3894 6429 4218 925 9052 9050 872 1717 9370 3635 1939 104 7478 9356 2 9355
415 8598 8644 7093 745 321 133 9955 4596 2147 5343 3414 9846 2326 6744 774 3405 5471 5466 6029 3679 2972 6073 950 1137 761 5178 1981 7057 9968 7004 2915 5171
416 9678 3144 5728 6479 8405 3982 8634 4494 167 541 7356 8106 8056 347 8946 4619 9787 4475 6166 6400 7762 3 7852 2 5969
417 5026 2909 8361 3048 979 6570 1587 3984 9292 2240 9101 5292 5103 6605 9563 7023 8849 3158 9689 1464 523 9260 6487 9965 7802
418 1042 5503 9681 1130 1414 5307 650 8904 9758 1396 6621 4055 729 8233 1389 4236 56 2240 8696 332 4416 3463 1085 3269 8017 5445 6767 6859 9704 9608 1246 4095 6374 9697 8176 1710
419 1736 8221 5307 5962 7278 7841 6148 6945 9528 8539 2518 6417 6463 8155 8248 8336 7064 3158 9921 4091 5125 8556 2305 8790 8179
420 6952 6153 7183 227 4691 3092 3842 6191 6424 1393 4917 2189 1293 5053 9423 9798 2278 7868 4385 4808 5607 1750 3582 4565 9027 2
421 2014 6102 8920 8400 9903 2240 9993 7360 4679 5522 9139 5097 1242 6600 8996 9182 4951 1238 4528 3541 4749 6253 1316 2209
422 9728 9208 137 321 8170 5679 132 4126 1865 8116 2240 2052 3648 1904 117 6650 8387 3497 1898 3025 9745 5742 4847 1598
423 5730 9349 5869 9347 3612 1920 5351 8122 7602 3606 7459 1721 9005 3739 9426 871 6604 7353 207 6223 9933 5981 5605 7296 523
424 3889 1323 6643 8922 6545 9199 551 1496 7855 7759 7092 8040 8230 6899 2240 625 9745 518 7071 5547 8681 9341 6490 3354 9244 6961 6770 7050 3345 7713 9990 5333 2958 1341 2574 863 8078
425 321 872 2549 6160 2962 2156 4915 2339 8938 5852 10 952 7276 3410 8951 7524 6926
426 8832 4367 88 6547 9871 4834 1981 7012 7485 358 3203 4055 7664 6332 3100 8989 247 9075 8125 4418 7078 7933 7361 46 5553 7736 7355 9444 5738 5448 7536 7153 1924 3726 7713 3817 2392 4286 676 3146 675 9414 5232 2002 5326 7791
427 4369 6717 7751 3144 8125 9723 2344 9299 6427 8493 8911 2423 5849 8340 1336 4437 2555 299 5889 4995 4054 5649 6447 8373 2072 2965 8790 6251
428 3712 5686 6015 6250 6153 5915 7560 2578 3657 2247 930 4077 8445 5247 639 8579 9040 1940 8332 2927 9129 7669 1793 5833 3432
429 8976 3758 937 3521 5636 8973 6388 7275 7927 3505 6511 352 8765 1613 5185 1941 8142 1515 2452 3576 9498 2634 9120
430 8577 1148 1216 6850 1327 9101 4569 5074 1805 1343 2838 4678 2930 6258 7177
431 6067 6134 6065 3097 3671 8616 3832 5258 6036 3805 5779 3385 8488
432 6240 4172 1813 9188 915 5002 9418 9606 3165 5326 5417 2597 1797 7296 526 7762 7856 5643 2962
433 6942 616 2018 3490 6641 4522 3163 5186 7484 6034 6331 1961 2121 5594 6905 7180 667
434 4749 5316 1799 6074 8728 6447 652 9391 6347 8814 9669 7197 6149 8618 444 7278 437 9461 2240 148 6893 3567 5846 6130 8029 7078 3936 1749 9159 3362 1546 6863 2870 210 9898 8566 394 4760 2666 7131
435 7753 233 6011 5211 3753 7513 321 4454 2010 3841 8400 4540 3035 1624 5099 2746 199 6403 2736 9265 6724 2774 8508 8789
436 7233 6710 4170 6519 2240 1534 829 1111 7221 9798 6082 8948 6222 767 9086 7488 9461 5790 8985 4990 5365 8465
437 7001 6202 8878 4176 3515 7463 977 7039 1301 6941 9570 546 1956 2704 3263 9795 2698 8193 1846 8848 3395 8888 3812 2117 4702
438 5592 5214 465 2204 1581 2190 3882 1903 3074 3543 3072 3398 9742 3818 5649 3909 5083 5502 1319 7097 7426
439 5451 1644 8741 466 2863 5964 5866 8451 1492 2760 5956 3415 6986 1157 6418 3684 2320 1849 1799 8566 3722 6588 2358 5880 991
440 2964 8230 4364 4847 7170 362 2660 7949 7075 9904 9763 2355 9300 2607 8907 4077 9135
441 3806 606 5440 1538 1818 2805 5294 8114 8113 7971 9755 9137 3072 7630 1941 6170 6262 7716 2029 427 2211 5500 3056
442 9164 6390 3427 889 6434 6151 9906 5389 3697 6087 4674 1806 8995 9129 9176 6397 4281 8555
443 5509 3607 2275 1796 6260 2555 8726 79 3783 7486 6913 4348 7859 447 6613 2810 1479 8687 6881 1085 9632 321 5546 4311 7631 4777 6677 7057 5726 8284 2773 2203 7142 5335 5239 1531 3714 1429 9407
444 569 5887 3507 5216 1889 6352 4356 4260 2074 8058 1025 2256 4343 447 4717 8136 6616 1105 9463 6802 7845 8414 7749 2615 7365 2611 8309 8878 7252 3926 6963 5155 2396 8756 5429 4760 6470 8462 2192 3236 9315 6750
445 3474 5870 8455 6903 3612 792 1966 2060 2481 6946 5253 7599 9713 8162 8958 871 259 5939 8569 5605 5980 5838 9640 3434
446 2464 3316 3314 1793 1981 4450 5589 4068 456 8910 930 6627 7481 538 9464 6613 1387 3950 9364 9075 6320 3088 9735 8498 8116 6216 3077 7162 8015 7634 5921 9435 4399 8293 7909 3539 2113 2679 1538 1248 867 5038 5795
447 8600 4667 1355 1631 1169 5813 1440 37 6242 2121 1960 4397 7203 2233 4347
448 8787 4084 1213 2341 128 79 3886 1955 8535 2229 8197 5891 4340 8850 1040 1134 425 8320
449 5168 8312 2146 7880 264 6797 6465 7874 260 6084 2555 3542 3775 2645 3914 9317 809 8375 2264 7431 6346 7285 987
450 8358 756 5316 5502 7874 4739 6161 5401 9579 9576 451 3584 2633 8710 9848 8135 7657 5566 7072 1181 511 6683 4783 9815 6014 6771 7243 3630 6954 865 1150 2383 8174 7888 857 9787 8836
451 935 5400 6666 5347 267 783 9290 2050 8113 310 4677 8906 3494 6736 3491 8515 8134 9027 2962 1646 4089
452 321 3058 2299 3425 9816 6113 3007 4846 2269 4845 5880 3647 3392 8816 7296 9432 3151
453 3797 6739 279 6643 8256 9107 5674 5483 352 5572 3956 2433 2810 3468 6790 9449 518 9637 3936 9351 7829 609 6495 4310 7151 7337 6102 4011 2016 3249 6669 7521 395 3049 7036 9505 8172
454 8116 5954 4389 2410 9401 7605 2890 8662 1209 9578 5022 9044 4397 2555 529
455 3006 279 134 8310 4168 2474 5386 4352 4726 6465 8719 868 5097 2136 1429 2227 3776 9178 6123 1137 2920 4328 6721
456 8670 2962 915 9468 3395 633 4428 4702 2195 1159 5664 1798 6603 2692 2576
457 8129 4040 9491 7422 9533 1261 8403 9954 7978 79 642 3176 7732 487 529 4757 5457 3151 7473
458 3101 6622 136 8968 7652 8733 6100 5957 8212 2288 2240 6515 5104 590 9094 257 3923 208 676 8054 5704 9604 5138 4102 9930 8189 5412 101 2263 7056 9453 7759 518 4842
459 6075 1800 2085 6833 9398 8067 5500 6067 8531 1216 3020 3207 1212 8716 7290 5383 4527 9273 7652 9073 9259 8973 4029 1841 3074 1364 5258 1931 8387 1259 5052 205 8090 8087 5902 4855 1050 9313 9216 6555
460 7611 8689 1779 7883 4639 2240 4539 9426 6747 2752 4537 7216 2842 4765 8147 4340 9789 9600 8893 4663 6730 148 6163 5034 3106
461 6300 4919 3470 273 4296 7630 6176 1826 3894 812 7436 4469 1985 603 6647
462 5497 5119 5869 8125 9627 8254 3268 8672 3079 20 6928 4577 6406 2313 4567 243 613 5218 6768
463 3383 937 3240 2346 9392 8499 5772 3982 5156 7365 2239 823 1855 5239 6175 6126 2694 8287 250 625 1373 5507 4285 8419 7054 2871 6630 4043 3102 8601
464 7451 6530 2273 3354 18 7949 428 3048 9671 862 3530 309 5112 7986 8331 5775 5890
465 7425 8314 7138 2577 3799 7699 5630 5582 6423 7032 828 9284 3690 8340 773 205 4341 1984 2875 4517 7854 6490 332 2 5029
466 3005 325 7280 1874 8874 1212 9342 7086 9199 3371 2101 2288 8116 4684 6938 8252 9848 5194 3125 7068 5796 767 9646 8235 8516 8140 6400 3530 9499 1555 5078
467 6155 6482 6478 5396 1353 7509 2382 4027 8300 6937 1579 9380 4069 7123 9988 4439 4345 8338 2979 8242 7206 3485 8279 3249 1651 9218 6631 1790 4327 8836
468 893 1491 7930 2522 2568 9191 1183 5572 1777 4169 925 9044 3593 7639 4281 9545 276
469 5636 5917 8831 4317 1167 5865 4783 1774 4264 8069 9666 7457 9476 2707 7077 6184 2183 8949 6881 3541 7392 670 6073 9362 6260 7998 6869 1745 1040 6867 6538 8135 896 8040
470 5400 1780 4035 6145 2666 6187 4776 9241 5857 7219 9659 964 7023 9841 6409 252 8852 4898 7153 385 6588 2028 7950 9829 8090 3012 2 9543 3715 9400
471 6391 6061 8880 5307 9819 9160 273 2809 9245 5666 3074 5894 8146 4714 436 341 943 8604 4421 2962 2491
472 2114 7845 6623 3235 3749 7038 2806 2711 6938 7549 2943 6937 8582 8345 8810 6130 4437 3590 6875 3865 7202 1276 9735 1134 8700 286 4985 802 6486
473 5412 8167 6170 3795 3792 182 8729 4549 7968 8822 2171 1219 3308 4728 8053 1117 3111 6622 2344 1101 5752 8506 5177 1091 135 2604 513 1175 3830 7154 3543 7912 8386 9903 7050 5054 7238 4765 1534 9133 9892 8268 477
474 7564 6244 6666 8499 4831 6144 81 1678 7410 545 9709 8910 4866 4249 9137 2740 5277 8614 1470 5605 3066 9645 4378 6492 3530 2 8461 9917
475 7979 5793 5504 9398 6545 2175 8157 3596 4070 2264 4354 5966 8528 164 1969 638 541 2818 7754 4238 3665 718 9260 321 3926 4875 6015 6584 6675 6767 9615 5053 8470 9132 7895 5234 4188 4948 8462 8176 6370 7413
476 5921 8176 7329 1924 8644 3991 5352 3518 4312 5816 6332 5908 3368 1150 2795 3969 9697 4901 5132 1607 336 6867
477 1329 8927 6550 4079 753 1798 3790 3219 6922 6919 8800 8609 6424 438 4324 1757 1281 4034 139 1181 610 7069 4123 9533 3830 979 8863 1358 2877 8195 2589 9144 5724 8092 7708 8844
478 656 1690 3897 5677 5526 2327 1668 6884 1572 4579 5330 8055 3872 8711 9463 2647 5929 712 6115 2260 9591 9918 2680
479 6530 4743 5163 3752 790 3704 5349 269 7459 3416 9055 9431 7598 4399 3128 6699 9989 1668 9656 585 6880 7068 2555 205 3964 950 901 5458 3812 7101 1790 8228 7991
480 9593 8832 5504 752 847 6737 369 6635 8053 1686 4249 4343 3012 4531 921 8710 4245 8134 2240 8982 7933 9259 1562 7165 8304 1554 9533 4308 5446 8105 9815 3164 9624 883 8005 1542 9521 5433 2393 1157 4575 9892 1150 6748 8078 5605
481 2489 6860 8738 3661 794 6809 555 7041 8169 2529 9149 3555 9757 3129 5102 9842 1610 3253
482 6860 4785 9861 3703 8729 6566 8163 1534 1627 1625 9190 964 8107 2183 8386 9791 246 1515 3251 4612 6067 566 9684
483 9208 7984 5443 9953 6381 79 9197 4966 2519 545 6512 9470 2653 4486 8573 6691 8053 9271 7199 1512 6587 6915 8888 2 4561 8601
484 1329 1042 5885 2653 6737 3981 1984 4834 3883 2171 7299 3213 838 4252 6909 5385 7949 2818 8418 5758 2240 5660 1668 9172 1762 8405 802 6214 3839 798 2123 3830 1546 2873 9522 8855 7519 1247 5322 3230 380
485 4558 4834 5631 5442 3184 9764 270 5862 456 1019 8021 7266 3167 5703 3772 7955 1562 2728 9871 1222 6298
486 321 8390 5373 9878 9096 976 5162 3918 5689 8125 6996 8077 9986 8443 9683
487 3521 1500 4883 3377 9533 4409 3891 2240 7222 8209 8866 732 6652 9935 9462 8663 8568 1557 7806 6205
488 376 7210 2263 9957 2544 8428 4341 4531 9091 2156 4624 2055 6232 1668 4232 5655 7834 9923 3936 136 6973 3362 1739 2404 5253 7622 7811 496 774 2198 3144 4282 956 1429 9883 2
489 5604 7029 5219 4264 7683 6731 2265 6250 9290 6909 5198 4437 8134 8987 1576 3380 4324 7742 9640 1562 1752 7452 991 3837 5072 3835 1554 5349 6011 3728 4962 5342 3251 876 7904 9138 6762 776 2485 4658 4372
490 3756 1641 3894 4457 6429 2903 6428 1352 9576 3089 1489 829 359 5525 9233 9039 3680 2222 574 8844 6020 7476 7617 5784
491 7707 6578 2018 3051 9624 1446 3083 2227 577 6640 3818 2077 7669 1041 6915 476 9968 4093 4513
492 4274 420 9160 7796 3942 4693 3236 7419 5301 9858 8918 3982 9669 6095 7456 4965 640 4822 5143 2275 9230 4670 2366 2737 8139 7434 6681 2732 474 1696 4326 7569
493 9116 1515 4457 9299 4928 7681 3781 4349 3207 6053 9947 7379 4054 6236 4903 5662 4901 4995 1195 148 1572 1282 8687 8780 321 9723 3827 6295 3634 9904 4677 5340 6949 3240 3049 9979 5322 761
494 4604 2674 792 1964 5206 6191 174 3932 3084 3363 1197 912 9652 250 3210 4667 2128 6499 7155 8140 1465 2635
495 919 4276 7012 4482 2205 9541 5951 3397 8892 1668 6222 2909 5481 644 1311
496 2842 2458 9582 650 1504 4636 4635 6534 4537 1779 7762 3961 3672 7755 6898 4326 9930 9262 8217 4034 9354 9829 6692 4695 1083 1937 1841 2791 8111 2123 9337 1167 2393 7902 774 7992 4664 4378 7034 574 8363
497 7613 1877 4742 8830 933 5865 79 1489 7033 2097 9711 497 1105 4393 8529 4666 2925 900 7572
498 6250 3005 9443 3895 5726 3610 1117 8167 2856 3044 7696 4497 6234 876 2426 5758 2608 2983 5942 254 6222 2741 3352 155 3021 6404 5323 8566 8844 5645 2730 5784 8743 5547 1786
499 1539 9379 271 8526 935 9466 381 8130 953 7530 5412 1892 3338 6902
